# JRE version: OpenJDK Runtime Environment (8.0_242-b01) (build 1.8.0_242-release-1644-b01)
# Java VM: OpenJDK 64-Bit Server VM (25.242-b01 mixed mode windows-amd64 compressed oops)
Heap:
 PSYoungGen      total 626688K, used 288096K [0x00000000d5580000, 0x0000000100000000, 0x0000000100000000)
  eden space 552448K, 45% used [0x00000000d5580000,0x00000000e490d6e0,0x00000000f7100000)
  from space 74240K, 52% used [0x00000000fb780000,0x00000000fdd4aba8,0x0000000100000000)
  to   space 72192K, 0% used [0x00000000f7100000,0x00000000f7100000,0x00000000fb780000)
 ParOldGen       total 946688K, used 106563K [0x0000000080000000, 0x00000000b9c80000, 0x00000000d5580000)
  object space 946688K, 11% used [0x0000000080000000,0x0000000086810c38,0x00000000b9c80000)
 Metaspace       used 115649K, capacity 122532K, committed 122688K, reserved 1155072K
  class space    used 14946K, capacity 16238K, committed 16256K, reserved 1048576K
GC Heap History (10 events):
Event: 497.663 GC heap before
{Heap before GC invocations=10 (full 3):
 PSYoungGen      total 602624K, used 548016K [0x00000000d5580000, 0x00000000fdb00000, 0x0000000100000000)
  eden space 574464K, 90% used [0x00000000d5580000,0x00000000f512fbc8,0x00000000f8680000)
  from space 28160K, 99% used [0x00000000fbf80000,0x00000000fdafc488,0x00000000fdb00000)
  to   space 37376K, 0% used [0x00000000f9200000,0x00000000f9200000,0x00000000fb680000)
 ParOldGen       total 665600K, used 41683K [0x0000000080000000, 0x00000000a8a00000, 0x00000000d5580000)
  object space 665600K, 6% used [0x0000000080000000,0x00000000828b4e80,0x00000000a8a00000)
 Metaspace       used 93586K, capacity 98388K, committed 98496K, reserved 1134592K
  class space    used 12296K, capacity 13297K, committed 13312K, reserved 1048576K
Event: 497.679 GC heap after
Heap after GC invocations=10 (full 3):
 PSYoungGen      total 598528K, used 37351K [0x00000000d5580000, 0x00000000fd580000, 0x0000000100000000)
  eden space 561152K, 0% used [0x00000000d5580000,0x00000000d5580000,0x00000000f7980000)
  from space 37376K, 99% used [0x00000000f9200000,0x00000000fb679e60,0x00000000fb680000)
  to   space 31744K, 0% used [0x00000000fb680000,0x00000000fb680000,0x00000000fd580000)
 ParOldGen       total 665600K, used 49530K [0x0000000080000000, 0x00000000a8a00000, 0x00000000d5580000)
  object space 665600K, 7% used [0x0000000080000000,0x000000008305e950,0x00000000a8a00000)
 Metaspace       used 93586K, capacity 98388K, committed 98496K, reserved 1134592K
  class space    used 12296K, capacity 13297K, committed 13312K, reserved 1048576K
}
Event: 497.679 GC heap before
{Heap before GC invocations=11 (full 4):
 PSYoungGen      total 598528K, used 37351K [0x00000000d5580000, 0x00000000fd580000, 0x0000000100000000)
  eden space 561152K, 0% used [0x00000000d5580000,0x00000000d5580000,0x00000000f7980000)
  from space 37376K, 99% used [0x00000000f9200000,0x00000000fb679e60,0x00000000fb680000)
  to   space 31744K, 0% used [0x00000000fb680000,0x00000000fb680000,0x00000000fd580000)
 ParOldGen       total 665600K, used 49530K [0x0000000080000000, 0x00000000a8a00000, 0x00000000d5580000)
  object space 665600K, 7% used [0x0000000080000000,0x000000008305e950,0x00000000a8a00000)
 Metaspace       used 93586K, capacity 98388K, committed 98496K, reserved 1134592K
  class space    used 12296K, capacity 13297K, committed 13312K, reserved 1048576K
Event: 497.793 GC heap after
Heap after GC invocations=11 (full 4):
 PSYoungGen      total 598528K, used 0K [0x00000000d5580000, 0x00000000fd580000, 0x0000000100000000)
  eden space 561152K, 0% used [0x00000000d5580000,0x00000000d5580000,0x00000000f7980000)
  from space 37376K, 0% used [0x00000000f9200000,0x00000000f9200000,0x00000000fb680000)
  to   space 31744K, 0% used [0x00000000fb680000,0x00000000fb680000,0x00000000fd580000)
 ParOldGen       total 946688K, used 67320K [0x0000000080000000, 0x00000000b9c80000, 0x00000000d5580000)
  object space 946688K, 7% used [0x0000000080000000,0x00000000841be3e8,0x00000000b9c80000)
 Metaspace       used 93445K, capacity 97962K, committed 98496K, reserved 1134592K
  class space    used 12250K, capacity 13216K, committed 13312K, reserved 1048576K
}
Event: 578.879 GC heap before
{Heap before GC invocations=12 (full 4):
 PSYoungGen      total 598528K, used 561152K [0x00000000d5580000, 0x00000000fd580000, 0x0000000100000000)
  eden space 561152K, 100% used [0x00000000d5580000,0x00000000f7980000,0x00000000f7980000)
  from space 37376K, 0% used [0x00000000f9200000,0x00000000f9200000,0x00000000fb680000)
  to   space 31744K, 0% used [0x00000000fb680000,0x00000000fb680000,0x00000000fd580000)
 ParOldGen       total 946688K, used 67320K [0x0000000080000000, 0x00000000b9c80000, 0x00000000d5580000)
  object space 946688K, 7% used [0x0000000080000000,0x00000000841be3e8,0x00000000b9c80000)
 Metaspace       used 103924K, capacity 109736K, committed 109888K, reserved 1144832K
  class space    used 13744K, capacity 14903K, committed 14976K, reserved 1048576K
Event: 578.902 GC heap after
Heap after GC invocations=12 (full 4):
 PSYoungGen      total 595456K, used 31728K [0x00000000d5580000, 0x0000000100000000, 0x0000000100000000)
  eden space 563712K, 0% used [0x00000000d5580000,0x00000000d5580000,0x00000000f7c00000)
  from space 31744K, 99% used [0x00000000fb680000,0x00000000fd57c3a0,0x00000000fd580000)
  to   space 59904K, 0% used [0x00000000f7c00000,0x00000000f7c00000,0x00000000fb680000)
 ParOldGen       total 946688K, used 95127K [0x0000000080000000, 0x00000000b9c80000, 0x00000000d5580000)
  object space 946688K, 10% used [0x0000000080000000,0x0000000085ce5f10,0x00000000b9c80000)
 Metaspace       used 103924K, capacity 109736K, committed 109888K, reserved 1144832K
  class space    used 13744K, capacity 14903K, committed 14976K, reserved 1048576K
}
Event: 590.575 GC heap before
{Heap before GC invocations=13 (full 4):
 PSYoungGen      total 595456K, used 595440K [0x00000000d5580000, 0x0000000100000000, 0x0000000100000000)
  eden space 563712K, 100% used [0x00000000d5580000,0x00000000f7c00000,0x00000000f7c00000)
  from space 31744K, 99% used [0x00000000fb680000,0x00000000fd57c3a0,0x00000000fd580000)
  to   space 59904K, 0% used [0x00000000f7c00000,0x00000000f7c00000,0x00000000fb680000)
 ParOldGen       total 946688K, used 95127K [0x0000000080000000, 0x00000000b9c80000, 0x00000000d5580000)
  object space 946688K, 10% used [0x0000000080000000,0x0000000085ce5f10,0x00000000b9c80000)
 Metaspace       used 113411K, capacity 119854K, committed 119872K, reserved 1153024K
  class space    used 14740K, capacity 15985K, committed 16000K, reserved 1048576K
Event: 590.607 GC heap after
Heap after GC invocations=13 (full 4):
 PSYoungGen      total 623616K, used 59900K [0x00000000d5580000, 0x0000000100000000, 0x0000000100000000)
  eden space 563712K, 0% used [0x00000000d5580000,0x00000000d5580000,0x00000000f7c00000)
  from space 59904K, 99% used [0x00000000f7c00000,0x00000000fb67f208,0x00000000fb680000)
  to   space 74240K, 0% used [0x00000000fb780000,0x00000000fb780000,0x0000000100000000)
 ParOldGen       total 946688K, used 106555K [0x0000000080000000, 0x00000000b9c80000, 0x00000000d5580000)
  object space 946688K, 11% used [0x0000000080000000,0x000000008680ec38,0x00000000b9c80000)
 Metaspace       used 113411K, capacity 119854K, committed 119872K, reserved 1153024K
  class space    used 14740K, capacity 15985K, committed 16000K, reserved 1048576K
}
Event: 826.357 GC heap before
{Heap before GC invocations=14 (full 4):
 PSYoungGen      total 623616K, used 623612K [0x00000000d5580000, 0x0000000100000000, 0x0000000100000000)
  eden space 563712K, 100% used [0x00000000d5580000,0x00000000f7c00000,0x00000000f7c00000)
  from space 59904K, 99% used [0x00000000f7c00000,0x00000000fb67f208,0x00000000fb680000)
  to   space 74240K, 0% used [0x00000000fb780000,0x00000000fb780000,0x0000000100000000)
 ParOldGen       total 946688K, used 106555K [0x0000000080000000, 0x00000000b9c80000, 0x00000000d5580000)
  object space 946688K, 11% used [0x0000000080000000,0x000000008680ec38,0x00000000b9c80000)
 Metaspace       used 115326K, capacity 122280K, committed 122432K, reserved 1155072K
  class space    used 14943K, capacity 16232K, committed 16256K, reserved 1048576K
Event: 826.377 GC heap after
Heap after GC invocations=14 (full 4):
 PSYoungGen      total 626688K, used 38698K [0x00000000d5580000, 0x0000000100000000, 0x0000000100000000)
  eden space 552448K, 0% used [0x00000000d5580000,0x00000000d5580000,0x00000000f7100000)
  from space 74240K, 52% used [0x00000000fb780000,0x00000000fdd4aba8,0x0000000100000000)
  to   space 72192K, 0% used [0x00000000f7100000,0x00000000f7100000,0x00000000fb780000)
 ParOldGen       total 946688K, used 106563K [0x0000000080000000, 0x00000000b9c80000, 0x00000000d5580000)
  object space 946688K, 11% used [0x0000000080000000,0x0000000086810c38,0x00000000b9c80000)
 Metaspace       used 115326K, capacity 122280K, committed 122432K, reserved 1155072K
  class space    used 14943K, capacity 16232K, committed 16256K, reserved 1048576K
}

